<?xml version="1.0" encoding="UTF-8"?>
<coverage generated="1528920793980" clover="3.2.0">
  <project timestamp="1528920793980" name="All files">
    <metrics statements="98" coveredstatements="98" conditionals="29" coveredconditionals="27" methods="24" coveredmethods="24" elements="151" coveredelements="149" complexity="0" loc="98" ncloc="98" packages="2" files="6" classes="6">
      <package name="services">
        <metrics statements="83" coveredstatements="83" conditionals="27" coveredconditionals="26" methods="16" coveredmethods="16"/>
        <file name="inputValidator.js" path="D:\jobs\tasks\maverisks\solution\src\services\inputValidator.js">
          <metrics statements="12" coveredstatements="12" conditionals="4" coveredconditionals="4" methods="3" coveredmethods="3"/>
          <line num="7" count="3" type="stmt"/>
          <line num="8" count="3" type="stmt"/>
          <line num="9" count="9" type="cond" truecount="2" falsecount="0"/>
          <line num="10" count="1" type="stmt"/>
          <line num="11" count="1" type="stmt"/>
          <line num="13" count="9" type="cond" truecount="2" falsecount="0"/>
          <line num="14" count="1" type="stmt"/>
          <line num="15" count="1" type="stmt"/>
          <line num="18" count="3" type="stmt"/>
          <line num="19" count="3" type="stmt"/>
          <line num="23" count="2" type="stmt"/>
          <line num="24" count="2" type="stmt"/>
        </file>
        <file name="nameReader.js" path="D:\jobs\tasks\maverisks\solution\src\services\nameReader.js">
          <metrics statements="7" coveredstatements="7" conditionals="2" coveredconditionals="2" methods="1" coveredmethods="1"/>
          <line num="6" count="2" type="cond" truecount="2" falsecount="0"/>
          <line num="7" count="1" type="stmt"/>
          <line num="8" count="1" type="stmt"/>
          <line num="10" count="1" type="stmt"/>
          <line num="11" count="1" type="stmt"/>
          <line num="12" count="1" type="stmt"/>
          <line num="13" count="1" type="stmt"/>
        </file>
        <file name="splitExpenses.js" path="D:\jobs\tasks\maverisks\solution\src\services\splitExpenses.js">
          <metrics statements="48" coveredstatements="48" conditionals="19" coveredconditionals="18" methods="9" coveredmethods="9"/>
          <line num="6" count="1" type="stmt"/>
          <line num="12" count="1" type="stmt"/>
          <line num="13" count="1" type="stmt"/>
          <line num="16" count="3" type="stmt"/>
          <line num="17" count="3" type="stmt"/>
          <line num="18" count="5" type="stmt"/>
          <line num="19" count="3" type="stmt"/>
          <line num="20" count="5" type="stmt"/>
          <line num="21" count="5" type="stmt"/>
          <line num="22" count="5" type="stmt"/>
          <line num="25" count="3" type="cond" truecount="2" falsecount="0"/>
          <line num="26" count="3" type="stmt"/>
          <line num="30" count="4" type="stmt"/>
          <line num="34" count="3" type="stmt"/>
          <line num="35" count="3" type="stmt"/>
          <line num="36" count="5" type="cond" truecount="2" falsecount="0"/>
          <line num="37" count="2" type="stmt"/>
          <line num="42" count="3" type="cond" truecount="1" falsecount="1"/>
          <line num="43" count="3" type="stmt"/>
          <line num="53" count="3" type="stmt"/>
          <line num="54" count="3" type="stmt"/>
          <line num="55" count="3" type="stmt"/>
          <line num="56" count="3" type="stmt"/>
          <line num="57" count="4" type="stmt"/>
          <line num="58" count="4" type="stmt"/>
          <line num="59" count="4" type="stmt"/>
          <line num="60" count="8" type="cond" truecount="2" falsecount="0"/>
          <line num="61" count="1" type="stmt"/>
          <line num="62" count="1" type="stmt"/>
          <line num="63" count="1" type="stmt"/>
          <line num="65" count="7" type="cond" truecount="4" falsecount="0"/>
          <line num="66" count="1" type="stmt"/>
          <line num="67" count="1" type="stmt"/>
          <line num="69" count="6" type="cond" truecount="5" falsecount="0"/>
          <line num="70" count="2" type="stmt"/>
          <line num="71" count="2" type="stmt"/>
          <line num="74" count="4" type="stmt"/>
          <line num="75" count="4" type="stmt"/>
          <line num="76" count="4" type="stmt"/>
          <line num="82" count="5" type="cond" truecount="2" falsecount="0"/>
          <line num="83" count="3" type="stmt"/>
          <line num="84" count="3" type="stmt"/>
          <line num="85" count="3" type="stmt"/>
          <line num="86" count="3" type="stmt"/>
          <line num="87" count="3" type="stmt"/>
          <line num="88" count="3" type="stmt"/>
          <line num="91" count="2" type="stmt"/>
          <line num="92" count="2" type="stmt"/>
        </file>
        <file name="transactionsReader.js" path="D:\jobs\tasks\maverisks\solution\src\services\transactionsReader.js">
          <metrics statements="16" coveredstatements="16" conditionals="2" coveredconditionals="2" methods="3" coveredmethods="3"/>
          <line num="8" count="1" type="stmt"/>
          <line num="11" count="2" type="stmt"/>
          <line num="13" count="2" type="stmt"/>
          <line num="14" count="2" type="stmt"/>
          <line num="15" count="5" type="stmt"/>
          <line num="22" count="1" type="stmt"/>
          <line num="23" count="1" type="stmt"/>
          <line num="24" count="1" type="stmt"/>
          <line num="26" count="1" type="stmt"/>
          <line num="30" count="3" type="cond" truecount="2" falsecount="0"/>
          <line num="31" count="1" type="stmt"/>
          <line num="32" count="1" type="stmt"/>
          <line num="34" count="2" type="stmt"/>
          <line num="35" count="2" type="stmt"/>
          <line num="36" count="1" type="stmt"/>
          <line num="37" count="1" type="stmt"/>
        </file>
      </package>
      <package name="utils">
        <metrics statements="15" coveredstatements="15" conditionals="2" coveredconditionals="1" methods="8" coveredmethods="8"/>
        <file name="fileReader.js" path="D:\jobs\tasks\maverisks\solution\src\utils\fileReader.js">
          <metrics statements="6" coveredstatements="6" conditionals="0" coveredconditionals="0" methods="1" coveredmethods="1"/>
          <line num="5" count="2" type="stmt"/>
          <line num="6" count="2" type="stmt"/>
          <line num="7" count="2" type="stmt"/>
          <line num="10" count="1" type="stmt"/>
          <line num="11" count="1" type="stmt"/>
          <line num="12" count="1" type="stmt"/>
        </file>
        <file name="logger.js" path="D:\jobs\tasks\maverisks\solution\src\utils\logger.js">
          <metrics statements="9" coveredstatements="9" conditionals="2" coveredconditionals="1" methods="7" coveredmethods="7"/>
          <line num="1" count="11" type="stmt"/>
          <line num="5" count="11" type="stmt"/>
          <line num="7" count="11" type="stmt"/>
          <line num="15" count="19" type="stmt"/>
          <line num="19" count="3" type="stmt"/>
          <line num="23" count="1" type="stmt"/>
          <line num="27" count="1" type="stmt"/>
          <line num="31" count="9" type="stmt"/>
          <line num="35" count="1" type="stmt"/>
        </file>
      </package>
    </metrics>
  </project>
</coverage>
