{"D:\\jobs\\tasks\\maverisks\\solution\\src\\services\\inputValidator.js": {"path":"D:\\jobs\\tasks\\maverisks\\solution\\src\\services\\inputValidator.js","statementMap":{"0":{"start":{"line":7,"column":17},"end":{"line":7,"column":21}},"1":{"start":{"line":8,"column":4},"end":{"line":17,"column":7}},"2":{"start":{"line":9,"column":8},"end":{"line":12,"column":9}},"3":{"start":{"line":10,"column":12},"end":{"line":10,"column":120}},"4":{"start":{"line":11,"column":12},"end":{"line":11,"column":26}},"5":{"start":{"line":13,"column":8},"end":{"line":16,"column":9}},"6":{"start":{"line":14,"column":12},"end":{"line":14,"column":98}},"7":{"start":{"line":15,"column":12},"end":{"line":15,"column":26}},"8":{"start":{"line":18,"column":5},"end":{"line":18,"column":45}},"9":{"start":{"line":19,"column":4},"end":{"line":19,"column":17}},"10":{"start":{"line":23,"column":4},"end":{"line":23,"column":49}},"11":{"start":{"line":24,"column":4},"end":{"line":24,"column":29}}},"fnMap":{"0":{"name":"inputValidator","decl":{"start":{"line":6,"column":10},"end":{"line":6,"column":24}},"loc":{"start":{"line":6,"column":46},"end":{"line":20,"column":1}},"line":6},"1":{"name":"(anonymous_1)","decl":{"start":{"line":8,"column":28},"end":{"line":8,"column":29}},"loc":{"start":{"line":8,"column":45},"end":{"line":17,"column":5}},"line":8},"2":{"name":"filePathValidator","decl":{"start":{"line":22,"column":9},"end":{"line":22,"column":26}},"loc":{"start":{"line":22,"column":33},"end":{"line":25,"column":1}},"line":22}},"branchMap":{"0":{"loc":{"start":{"line":9,"column":8},"end":{"line":12,"column":9}},"type":"if","locations":[{"start":{"line":9,"column":8},"end":{"line":12,"column":9}},{"start":{"line":9,"column":8},"end":{"line":12,"column":9}}],"line":9},"1":{"loc":{"start":{"line":13,"column":8},"end":{"line":16,"column":9}},"type":"if","locations":[{"start":{"line":13,"column":8},"end":{"line":16,"column":9}},{"start":{"line":13,"column":8},"end":{"line":16,"column":9}}],"line":13}},"s":{"0":3,"1":3,"2":9,"3":1,"4":1,"5":9,"6":1,"7":1,"8":3,"9":3,"10":2,"11":2},"f":{"0":3,"1":9,"2":2},"b":{"0":[1,8],"1":[1,8]},"_coverageSchema":"332fd63041d2c1bcb487cc26dd0d5f7d97098a6c","hash":"1e76eb144c270012bcfa1d5044d5b5ad4ec4d43e"}
,"D:\\jobs\\tasks\\maverisks\\solution\\src\\services\\nameReader.js": {"path":"D:\\jobs\\tasks\\maverisks\\solution\\src\\services\\nameReader.js","statementMap":{"0":{"start":{"line":6,"column":4},"end":{"line":9,"column":5}},"1":{"start":{"line":7,"column":8},"end":{"line":7,"column":65}},"2":{"start":{"line":8,"column":8},"end":{"line":8,"column":68}},"3":{"start":{"line":10,"column":23},"end":{"line":10,"column":43}},"4":{"start":{"line":11,"column":23},"end":{"line":11,"column":48}},"5":{"start":{"line":12,"column":4},"end":{"line":12,"column":50}},"6":{"start":{"line":13,"column":4},"end":{"line":13,"column":21}}},"fnMap":{"0":{"name":"nameReader","decl":{"start":{"line":5,"column":9},"end":{"line":5,"column":19}},"loc":{"start":{"line":5,"column":31},"end":{"line":14,"column":1}},"line":5}},"branchMap":{"0":{"loc":{"start":{"line":6,"column":4},"end":{"line":9,"column":5}},"type":"if","locations":[{"start":{"line":6,"column":4},"end":{"line":9,"column":5}},{"start":{"line":6,"column":4},"end":{"line":9,"column":5}}],"line":6}},"s":{"0":2,"1":1,"2":1,"3":1,"4":1,"5":1,"6":1},"f":{"0":2},"b":{"0":[1,1]},"_coverageSchema":"332fd63041d2c1bcb487cc26dd0d5f7d97098a6c","hash":"a3f497b311339c4bcd01cf38caf5f879852e1680"}
,"D:\\jobs\\tasks\\maverisks\\solution\\src\\services\\splitExpenses.js": {"path":"D:\\jobs\\tasks\\maverisks\\solution\\src\\services\\splitExpenses.js","statementMap":{"0":{"start":{"line":6,"column":26},"end":{"line":6,"column":53}},"1":{"start":{"line":12,"column":18},"end":{"line":12,"column":20}},"2":{"start":{"line":13,"column":17},"end":{"line":13,"column":19}},"3":{"start":{"line":16,"column":4},"end":{"line":16,"column":49}},"4":{"start":{"line":17,"column":27},"end":{"line":17,"column":29}},"5":{"start":{"line":18,"column":4},"end":{"line":18,"column":61}},"6":{"start":{"line":18,"column":32},"end":{"line":18,"column":58}},"7":{"start":{"line":19,"column":19},"end":{"line":23,"column":44}},"8":{"start":{"line":20,"column":8},"end":{"line":20,"column":36}},"9":{"start":{"line":21,"column":8},"end":{"line":21,"column":47}},"10":{"start":{"line":22,"column":8},"end":{"line":22,"column":24}},"11":{"start":{"line":25,"column":4},"end":{"line":25,"column":101}},"12":{"start":{"line":26,"column":4},"end":{"line":26,"column":35}},"13":{"start":{"line":30,"column":4},"end":{"line":30,"column":71}},"14":{"start":{"line":34,"column":4},"end":{"line":34,"column":61}},"15":{"start":{"line":35,"column":4},"end":{"line":48,"column":6}},"16":{"start":{"line":36,"column":8},"end":{"line":47,"column":9}},"17":{"start":{"line":37,"column":12},"end":{"line":40,"column":15}},"18":{"start":{"line":42,"column":13},"end":{"line":47,"column":9}},"19":{"start":{"line":43,"column":12},"end":{"line":46,"column":15}},"20":{"start":{"line":53,"column":4},"end":{"line":53,"column":50}},"21":{"start":{"line":54,"column":23},"end":{"line":54,"column":65}},"22":{"start":{"line":55,"column":4},"end":{"line":78,"column":6}},"23":{"start":{"line":56,"column":8},"end":{"line":77,"column":9}},"24":{"start":{"line":57,"column":31},"end":{"line":57,"column":32}},"25":{"start":{"line":58,"column":31},"end":{"line":58,"column":32}},"26":{"start":{"line":59,"column":12},"end":{"line":73,"column":13}},"27":{"start":{"line":60,"column":16},"end":{"line":72,"column":17}},"28":{"start":{"line":61,"column":20},"end":{"line":61,"column":46}},"29":{"start":{"line":62,"column":20},"end":{"line":62,"column":37}},"30":{"start":{"line":63,"column":20},"end":{"line":63,"column":26}},"31":{"start":{"line":65,"column":21},"end":{"line":72,"column":17}},"32":{"start":{"line":66,"column":20},"end":{"line":66,"column":55}},"33":{"start":{"line":67,"column":20},"end":{"line":67,"column":37}},"34":{"start":{"line":69,"column":21},"end":{"line":72,"column":17}},"35":{"start":{"line":70,"column":20},"end":{"line":70,"column":46}},"36":{"start":{"line":71,"column":20},"end":{"line":71,"column":37}},"37":{"start":{"line":74,"column":12},"end":{"line":74,"column":96}},"38":{"start":{"line":75,"column":12},"end":{"line":75,"column":39}},"39":{"start":{"line":76,"column":12},"end":{"line":76,"column":59}},"40":{"start":{"line":82,"column":4},"end":{"line":93,"column":5}},"41":{"start":{"line":83,"column":8},"end":{"line":83,"column":24}},"42":{"start":{"line":84,"column":8},"end":{"line":84,"column":38}},"43":{"start":{"line":85,"column":8},"end":{"line":85,"column":34}},"44":{"start":{"line":86,"column":8},"end":{"line":86,"column":33}},"45":{"start":{"line":87,"column":8},"end":{"line":87,"column":25}},"46":{"start":{"line":88,"column":8},"end":{"line":88,"column":20}},"47":{"start":{"line":91,"column":8},"end":{"line":91,"column":60}},"48":{"start":{"line":92,"column":8},"end":{"line":92,"column":21}}},"fnMap":{"0":{"name":"calculatePerPersonShare","decl":{"start":{"line":15,"column":9},"end":{"line":15,"column":32}},"loc":{"start":{"line":15,"column":35},"end":{"line":27,"column":1}},"line":15},"1":{"name":"(anonymous_1)","decl":{"start":{"line":18,"column":21},"end":{"line":18,"column":22}},"loc":{"start":{"line":18,"column":31},"end":{"line":18,"column":59}},"line":18},"2":{"name":"(anonymous_2)","decl":{"start":{"line":19,"column":39},"end":{"line":19,"column":40}},"loc":{"start":{"line":19,"column":58},"end":{"line":23,"column":5}},"line":19},"3":{"name":"printSettlementTransactions","decl":{"start":{"line":29,"column":9},"end":{"line":29,"column":36}},"loc":{"start":{"line":29,"column":62},"end":{"line":31,"column":1}},"line":29},"4":{"name":"identifyCreditAndDebit","decl":{"start":{"line":33,"column":9},"end":{"line":33,"column":31}},"loc":{"start":{"line":33,"column":34},"end":{"line":50,"column":1}},"line":33},"5":{"name":"(anonymous_5)","decl":{"start":{"line":35,"column":24},"end":{"line":35,"column":25}},"loc":{"start":{"line":35,"column":41},"end":{"line":48,"column":5}},"line":35},"6":{"name":"settleExpenses","decl":{"start":{"line":52,"column":9},"end":{"line":52,"column":23}},"loc":{"start":{"line":52,"column":26},"end":{"line":79,"column":1}},"line":52},"7":{"name":"(anonymous_7)","decl":{"start":{"line":55,"column":28},"end":{"line":55,"column":29}},"loc":{"start":{"line":55,"column":38},"end":{"line":78,"column":5}},"line":55},"8":{"name":"splitExpenses","decl":{"start":{"line":81,"column":9},"end":{"line":81,"column":22}},"loc":{"start":{"line":81,"column":49},"end":{"line":94,"column":1}},"line":81}},"branchMap":{"0":{"loc":{"start":{"line":25,"column":21},"end":{"line":25,"column":100}},"type":"cond-expr","locations":[{"start":{"line":25,"column":40},"end":{"line":25,"column":96}},{"start":{"line":25,"column":99},"end":{"line":25,"column":100}}],"line":25},"1":{"loc":{"start":{"line":36,"column":8},"end":{"line":47,"column":9}},"type":"if","locations":[{"start":{"line":36,"column":8},"end":{"line":47,"column":9}},{"start":{"line":36,"column":8},"end":{"line":47,"column":9}}],"line":36},"2":{"loc":{"start":{"line":42,"column":13},"end":{"line":47,"column":9}},"type":"if","locations":[{"start":{"line":42,"column":13},"end":{"line":47,"column":9}},{"start":{"line":42,"column":13},"end":{"line":47,"column":9}}],"line":42},"3":{"loc":{"start":{"line":60,"column":16},"end":{"line":72,"column":17}},"type":"if","locations":[{"start":{"line":60,"column":16},"end":{"line":72,"column":17}},{"start":{"line":60,"column":16},"end":{"line":72,"column":17}}],"line":60},"4":{"loc":{"start":{"line":65,"column":21},"end":{"line":72,"column":17}},"type":"if","locations":[{"start":{"line":65,"column":21},"end":{"line":72,"column":17}},{"start":{"line":65,"column":21},"end":{"line":72,"column":17}}],"line":65},"5":{"loc":{"start":{"line":65,"column":24},"end":{"line":65,"column":94}},"type":"binary-expr","locations":[{"start":{"line":65,"column":24},"end":{"line":65,"column":56}},{"start":{"line":65,"column":60},"end":{"line":65,"column":94}}],"line":65},"6":{"loc":{"start":{"line":69,"column":21},"end":{"line":72,"column":17}},"type":"if","locations":[{"start":{"line":69,"column":21},"end":{"line":72,"column":17}},{"start":{"line":69,"column":21},"end":{"line":72,"column":17}}],"line":69},"7":{"loc":{"start":{"line":69,"column":24},"end":{"line":69,"column":117}},"type":"binary-expr","locations":[{"start":{"line":69,"column":24},"end":{"line":69,"column":56}},{"start":{"line":69,"column":61},"end":{"line":69,"column":95}},{"start":{"line":69,"column":99},"end":{"line":69,"column":116}}],"line":69},"8":{"loc":{"start":{"line":82,"column":4},"end":{"line":93,"column":5}},"type":"if","locations":[{"start":{"line":82,"column":4},"end":{"line":93,"column":5}},{"start":{"line":82,"column":4},"end":{"line":93,"column":5}}],"line":82}},"s":{"0":1,"1":1,"2":1,"3":3,"4":3,"5":3,"6":5,"7":3,"8":5,"9":5,"10":5,"11":3,"12":3,"13":4,"14":3,"15":3,"16":5,"17":2,"18":3,"19":3,"20":3,"21":3,"22":3,"23":3,"24":4,"25":4,"26":4,"27":8,"28":1,"29":1,"30":1,"31":7,"32":1,"33":1,"34":6,"35":2,"36":2,"37":4,"38":4,"39":4,"40":5,"41":3,"42":3,"43":3,"44":3,"45":3,"46":3,"47":2,"48":2},"f":{"0":3,"1":5,"2":5,"3":4,"4":3,"5":5,"6":3,"7":3,"8":5},"b":{"0":[1,2],"1":[2,3],"2":[3,0],"3":[1,7],"4":[1,6],"5":[7,3],"6":[2,4],"7":[6,4,4],"8":[3,2]},"_coverageSchema":"332fd63041d2c1bcb487cc26dd0d5f7d97098a6c","hash":"98ca2f1b35d10e99b743559aad8d64c2e2f5ac91"}
,"D:\\jobs\\tasks\\maverisks\\solution\\src\\services\\transactionsReader.js": {"path":"D:\\jobs\\tasks\\maverisks\\solution\\src\\services\\transactionsReader.js","statementMap":{"0":{"start":{"line":8,"column":26},"end":{"line":8,"column":53}},"1":{"start":{"line":11,"column":33},"end":{"line":11,"column":58}},"2":{"start":{"line":13,"column":4},"end":{"line":25,"column":5}},"3":{"start":{"line":14,"column":8},"end":{"line":19,"column":11}},"4":{"start":{"line":15,"column":12},"end":{"line":18,"column":13}},"5":{"start":{"line":22,"column":8},"end":{"line":22,"column":24}},"6":{"start":{"line":23,"column":8},"end":{"line":23,"column":80}},"7":{"start":{"line":24,"column":8},"end":{"line":24,"column":83}},"8":{"start":{"line":26,"column":4},"end":{"line":26,"column":29}},"9":{"start":{"line":30,"column":4},"end":{"line":33,"column":5}},"10":{"start":{"line":31,"column":8},"end":{"line":31,"column":65}},"11":{"start":{"line":32,"column":8},"end":{"line":32,"column":68}},"12":{"start":{"line":34,"column":23},"end":{"line":34,"column":43}},"13":{"start":{"line":35,"column":26},"end":{"line":35,"column":56}},"14":{"start":{"line":36,"column":4},"end":{"line":36,"column":52}},"15":{"start":{"line":37,"column":4},"end":{"line":37,"column":25}}},"fnMap":{"0":{"name":"getTransactionData","decl":{"start":{"line":10,"column":10},"end":{"line":10,"column":28}},"loc":{"start":{"line":10,"column":42},"end":{"line":27,"column":1}},"line":10},"1":{"name":"(anonymous_1)","decl":{"start":{"line":14,"column":53},"end":{"line":14,"column":54}},"loc":{"start":{"line":14,"column":66},"end":{"line":19,"column":9}},"line":14},"2":{"name":"transactionsReader","decl":{"start":{"line":29,"column":9},"end":{"line":29,"column":27}},"loc":{"start":{"line":29,"column":39},"end":{"line":38,"column":1}},"line":29}},"branchMap":{"0":{"loc":{"start":{"line":30,"column":4},"end":{"line":33,"column":5}},"type":"if","locations":[{"start":{"line":30,"column":4},"end":{"line":33,"column":5}},{"start":{"line":30,"column":4},"end":{"line":33,"column":5}}],"line":30}},"s":{"0":1,"1":2,"2":2,"3":2,"4":5,"5":1,"6":1,"7":1,"8":1,"9":3,"10":1,"11":1,"12":2,"13":2,"14":1,"15":1},"f":{"0":2,"1":5,"2":3},"b":{"0":[1,2]},"_coverageSchema":"332fd63041d2c1bcb487cc26dd0d5f7d97098a6c","hash":"c5a7514e27270ea824c1179003c788e322b6f318"}
,"D:\\jobs\\tasks\\maverisks\\solution\\src\\utils\\fileReader.js": {"path":"D:\\jobs\\tasks\\maverisks\\solution\\src\\utils\\fileReader.js","statementMap":{"0":{"start":{"line":5,"column":4},"end":{"line":13,"column":5}},"1":{"start":{"line":6,"column":8},"end":{"line":6,"column":56}},"2":{"start":{"line":7,"column":8},"end":{"line":7,"column":49}},"3":{"start":{"line":10,"column":8},"end":{"line":10,"column":24}},"4":{"start":{"line":11,"column":8},"end":{"line":11,"column":80}},"5":{"start":{"line":12,"column":8},"end":{"line":12,"column":83}}},"fnMap":{"0":{"name":"fileReader","decl":{"start":{"line":4,"column":9},"end":{"line":4,"column":19}},"loc":{"start":{"line":4,"column":31},"end":{"line":14,"column":1}},"line":4}},"branchMap":{},"s":{"0":2,"1":2,"2":2,"3":1,"4":1,"5":1},"f":{"0":2},"b":{},"_coverageSchema":"332fd63041d2c1bcb487cc26dd0d5f7d97098a6c","hash":"1343e173499e6757faa0cd00c7438a6662b31b0a"}
,"D:\\jobs\\tasks\\maverisks\\solution\\src\\utils\\logger.js": {"path":"D:\\jobs\\tasks\\maverisks\\solution\\src\\utils\\logger.js","statementMap":{"0":{"start":{"line":1,"column":11},"end":{"line":1,"column":26}},"1":{"start":{"line":5,"column":22},"end":{"line":5,"column":60}},"2":{"start":{"line":7,"column":8},"end":{"line":11,"column":11}},"3":{"start":{"line":15,"column":8},"end":{"line":15,"column":35}},"4":{"start":{"line":19,"column":8},"end":{"line":19,"column":35}},"5":{"start":{"line":23,"column":8},"end":{"line":23,"column":34}},"6":{"start":{"line":27,"column":8},"end":{"line":27,"column":34}},"7":{"start":{"line":31,"column":8},"end":{"line":31,"column":35}},"8":{"start":{"line":35,"column":8},"end":{"line":35,"column":35}}},"fnMap":{"0":{"name":"(anonymous_0)","decl":{"start":{"line":4,"column":4},"end":{"line":4,"column":5}},"loc":{"start":{"line":4,"column":18},"end":{"line":12,"column":5}},"line":4},"1":{"name":"(anonymous_1)","decl":{"start":{"line":14,"column":4},"end":{"line":14,"column":5}},"loc":{"start":{"line":14,"column":19},"end":{"line":16,"column":5}},"line":14},"2":{"name":"(anonymous_2)","decl":{"start":{"line":18,"column":4},"end":{"line":18,"column":5}},"loc":{"start":{"line":18,"column":19},"end":{"line":20,"column":5}},"line":18},"3":{"name":"(anonymous_3)","decl":{"start":{"line":22,"column":4},"end":{"line":22,"column":5}},"loc":{"start":{"line":22,"column":18},"end":{"line":24,"column":5}},"line":22},"4":{"name":"(anonymous_4)","decl":{"start":{"line":26,"column":4},"end":{"line":26,"column":5}},"loc":{"start":{"line":26,"column":18},"end":{"line":28,"column":5}},"line":26},"5":{"name":"(anonymous_5)","decl":{"start":{"line":30,"column":4},"end":{"line":30,"column":5}},"loc":{"start":{"line":30,"column":19},"end":{"line":32,"column":5}},"line":30},"6":{"name":"(anonymous_6)","decl":{"start":{"line":34,"column":4},"end":{"line":34,"column":5}},"loc":{"start":{"line":34,"column":19},"end":{"line":36,"column":5}},"line":34}},"branchMap":{"0":{"loc":{"start":{"line":10,"column":19},"end":{"line":10,"column":41}},"type":"cond-expr","locations":[{"start":{"line":10,"column":26},"end":{"line":10,"column":33}},{"start":{"line":10,"column":35},"end":{"line":10,"column":41}}],"line":10}},"s":{"0":11,"1":11,"2":11,"3":19,"4":3,"5":1,"6":1,"7":9,"8":1},"f":{"0":11,"1":19,"2":3,"3":1,"4":1,"5":9,"6":1},"b":{"0":[0,11]},"_coverageSchema":"332fd63041d2c1bcb487cc26dd0d5f7d97098a6c","hash":"5bafb0805a57eca9a8965625e4bbfdbb5646acd3"}
}
