TN:
SF:D:\jobs\tasks\maverisks\solution\src\services\inputValidator.js
FN:6,inputValidator
FN:8,(anonymous_1)
FN:22,filePathValidator
FNF:3
FNH:3
FNDA:3,inputValidator
FNDA:9,(anonymous_1)
FNDA:2,filePathValidator
DA:7,3
DA:8,3
DA:9,9
DA:10,1
DA:11,1
DA:13,9
DA:14,1
DA:15,1
DA:18,3
DA:19,3
DA:23,2
DA:24,2
LF:12
LH:12
BRDA:9,0,0,1
BRDA:9,0,1,8
BRDA:13,1,0,1
BRDA:13,1,1,8
BRF:4
BRH:4
end_of_record
TN:
SF:D:\jobs\tasks\maverisks\solution\src\services\nameReader.js
FN:5,nameReader
FNF:1
FNH:1
FNDA:2,nameReader
DA:6,2
DA:7,1
DA:8,1
DA:10,1
DA:11,1
DA:12,1
DA:13,1
LF:7
LH:7
BRDA:6,0,0,1
BRDA:6,0,1,1
BRF:2
BRH:2
end_of_record
TN:
SF:D:\jobs\tasks\maverisks\solution\src\services\splitExpenses.js
FN:15,calculatePerPersonShare
FN:18,(anonymous_1)
FN:19,(anonymous_2)
FN:29,printSettlementTransactions
FN:33,identifyCreditAndDebit
FN:35,(anonymous_5)
FN:52,settleExpenses
FN:55,(anonymous_7)
FN:81,splitExpenses
FNF:9
FNH:9
FNDA:3,calculatePerPersonShare
FNDA:5,(anonymous_1)
FNDA:5,(anonymous_2)
FNDA:4,printSettlementTransactions
FNDA:3,identifyCreditAndDebit
FNDA:5,(anonymous_5)
FNDA:3,settleExpenses
FNDA:3,(anonymous_7)
FNDA:5,splitExpenses
DA:6,1
DA:12,1
DA:13,1
DA:16,3
DA:17,3
DA:18,5
DA:19,3
DA:20,5
DA:21,5
DA:22,5
DA:25,3
DA:26,3
DA:30,4
DA:34,3
DA:35,3
DA:36,5
DA:37,2
DA:42,3
DA:43,3
DA:53,3
DA:54,3
DA:55,3
DA:56,3
DA:57,4
DA:58,4
DA:59,4
DA:60,8
DA:61,1
DA:62,1
DA:63,1
DA:65,7
DA:66,1
DA:67,1
DA:69,6
DA:70,2
DA:71,2
DA:74,4
DA:75,4
DA:76,4
DA:82,5
DA:83,3
DA:84,3
DA:85,3
DA:86,3
DA:87,3
DA:88,3
DA:91,2
DA:92,2
LF:48
LH:48
BRDA:25,0,0,1
BRDA:25,0,1,2
BRDA:36,1,0,2
BRDA:36,1,1,3
BRDA:42,2,0,3
BRDA:42,2,1,0
BRDA:60,3,0,1
BRDA:60,3,1,7
BRDA:65,4,0,1
BRDA:65,4,1,6
BRDA:65,5,0,7
BRDA:65,5,1,3
BRDA:69,6,0,2
BRDA:69,6,1,4
BRDA:69,7,0,6
BRDA:69,7,1,4
BRDA:69,7,2,4
BRDA:82,8,0,3
BRDA:82,8,1,2
BRF:19
BRH:18
end_of_record
TN:
SF:D:\jobs\tasks\maverisks\solution\src\services\transactionsReader.js
FN:10,getTransactionData
FN:14,(anonymous_1)
FN:29,transactionsReader
FNF:3
FNH:3
FNDA:2,getTransactionData
FNDA:5,(anonymous_1)
FNDA:3,transactionsReader
DA:8,1
DA:11,2
DA:13,2
DA:14,2
DA:15,5
DA:22,1
DA:23,1
DA:24,1
DA:26,1
DA:30,3
DA:31,1
DA:32,1
DA:34,2
DA:35,2
DA:36,1
DA:37,1
LF:16
LH:16
BRDA:30,0,0,1
BRDA:30,0,1,2
BRF:2
BRH:2
end_of_record
TN:
SF:D:\jobs\tasks\maverisks\solution\src\utils\fileReader.js
FN:4,fileReader
FNF:1
FNH:1
FNDA:2,fileReader
DA:5,2
DA:6,2
DA:7,2
DA:10,1
DA:11,1
DA:12,1
LF:6
LH:6
BRF:0
BRH:0
end_of_record
TN:
SF:D:\jobs\tasks\maverisks\solution\src\utils\logger.js
FN:4,(anonymous_0)
FN:14,(anonymous_1)
FN:18,(anonymous_2)
FN:22,(anonymous_3)
FN:26,(anonymous_4)
FN:30,(anonymous_5)
FN:34,(anonymous_6)
FNF:7
FNH:7
FNDA:11,(anonymous_0)
FNDA:19,(anonymous_1)
FNDA:3,(anonymous_2)
FNDA:1,(anonymous_3)
FNDA:1,(anonymous_4)
FNDA:9,(anonymous_5)
FNDA:1,(anonymous_6)
DA:1,11
DA:5,11
DA:7,11
DA:15,19
DA:19,3
DA:23,1
DA:27,1
DA:31,9
DA:35,1
LF:9
LH:9
BRDA:10,0,0,0
BRDA:10,0,1,11
BRF:2
BRH:1
end_of_record
